<?xml version="1.0" encoding="utf-8"?><testsuite errors="0" failures="0" name="pytest" skipped="0" tests="4" time="0.371"><testcase classname="one-identity-templates.Scripts.test-flare-sources-3.FlareSourceTests" file="one-identity-templates\Scripts\test-flare-sources-3.py" line="136" name="test_description_too_short" time="0.009"></testcase><testcase classname="one-identity-templates.Scripts.test-flare-sources-3.FlareSourceTests" file="one-identity-templates\Scripts\test-flare-sources-3.py" line="130" name="test_has_maketargets_json" time="0.002"></testcase><testcase classname="one-identity-templates.Scripts.test-flare-sources-3.FlareSourceTests" file="one-identity-templates\Scripts\test-flare-sources-3.py" line="109" name="test_is_well_formed_html" time="0.012"></testcase><testcase classname="one-identity-templates.Scripts.test-flare-sources-3.FlareSourceTests" file="one-identity-templates\Scripts\test-flare-sources-3.py" line="170" name="test_is_well_formed_maketargets_json" time="0.000"></testcase></testsuite>